<?xml version="1.0" encoding="UTF-8"?>
<coverage generated="1777591810740" clover="3.2.0">
  <project timestamp="1777591810740" name="All files">
    <metrics statements="27" coveredstatements="27" conditionals="13" coveredconditionals="12" methods="16" coveredmethods="16" elements="56" coveredelements="55" complexity="0" loc="27" ncloc="27" packages="1" files="6" classes="6"/>
    <file name="array.ts" path="/Users/marty/projects/ptah/.worktrees/tests-and-bugs/packages/lib-utils/src/array.ts">
      <metrics statements="4" coveredstatements="4" conditionals="3" coveredconditionals="3" methods="4" coveredmethods="4"/>
      <line num="1" count="1" type="stmt"/>
      <line num="3" count="14" type="cond" truecount="1" falsecount="0"/>
      <line num="5" count="6" type="stmt"/>
      <line num="7" count="16" type="cond" truecount="2" falsecount="0"/>
    </file>
    <file name="clamp.ts" path="/Users/marty/projects/ptah/.worktrees/tests-and-bugs/packages/lib-utils/src/clamp.ts">
      <metrics statements="9" coveredstatements="9" conditionals="2" coveredconditionals="2" methods="4" coveredmethods="4"/>
      <line num="1" count="1" type="stmt"/>
      <line num="2" count="5" type="stmt"/>
      <line num="5" count="1" type="stmt"/>
      <line num="6" count="5" type="stmt"/>
      <line num="7" count="5" type="stmt"/>
      <line num="8" count="5" type="stmt"/>
      <line num="10" count="5" type="cond" truecount="2" falsecount="0"/>
      <line num="11" count="6" type="stmt"/>
      <line num="14" count="6" type="stmt"/>
    </file>
    <file name="debounce.ts" path="/Users/marty/projects/ptah/.worktrees/tests-and-bugs/packages/lib-utils/src/debounce.ts">
      <metrics statements="9" coveredstatements="9" conditionals="8" coveredconditionals="7" methods="3" coveredmethods="3"/>
      <line num="2" count="1" type="stmt"/>
      <line num="9" count="6" type="stmt"/>
      <line num="10" count="12" type="stmt"/>
      <line num="11" count="6" type="stmt"/>
      <line num="12" count="6" type="cond" truecount="2" falsecount="0"/>
      <line num="14" count="12" type="cond" truecount="2" falsecount="0"/>
      <line num="15" count="12" type="stmt"/>
      <line num="16" count="12" type="stmt"/>
      <line num="17" count="12" type="cond" truecount="2" falsecount="0"/>
    </file>
    <file name="easing.ts" path="/Users/marty/projects/ptah/.worktrees/tests-and-bugs/packages/lib-utils/src/easing.ts">
      <metrics statements="2" coveredstatements="2" conditionals="0" coveredconditionals="0" methods="2" coveredmethods="2"/>
      <line num="1" count="7" type="stmt"/>
      <line num="2" count="12" type="stmt"/>
    </file>
    <file name="range.ts" path="/Users/marty/projects/ptah/.worktrees/tests-and-bugs/packages/lib-utils/src/range.ts">
      <metrics statements="1" coveredstatements="1" conditionals="0" coveredconditionals="0" methods="2" coveredmethods="2"/>
      <line num="1" count="16" type="stmt"/>
    </file>
    <file name="types.ts" path="/Users/marty/projects/ptah/.worktrees/tests-and-bugs/packages/lib-utils/src/types.ts">
      <metrics statements="2" coveredstatements="2" conditionals="0" coveredconditionals="0" methods="1" coveredmethods="1"/>
      <line num="1" count="1" type="stmt"/>
      <line num="2" count="6" type="stmt"/>
    </file>
  </project>
</coverage>
