TN:
SF:src/array.ts
FN:1,(anonymous_0)
FN:3,(anonymous_1)
FN:6,(anonymous_2)
FN:7,(anonymous_3)
FNF:4
FNH:4
FNDA:6,(anonymous_0)
FNDA:14,(anonymous_1)
FNDA:16,(anonymous_2)
FNDA:16,(anonymous_3)
DA:1,1
DA:3,14
DA:5,6
DA:7,16
LF:4
LH:4
BRDA:3,0,0,5
BRDA:7,1,0,4
BRDA:7,1,1,12
BRF:3
BRH:3
end_of_record
TN:
SF:src/clamp.ts
FN:1,(anonymous_0)
FN:5,(anonymous_1)
FN:11,(anonymous_2)
FN:14,(anonymous_3)
FNF:4
FNH:4
FNDA:5,(anonymous_0)
FNDA:5,(anonymous_1)
FNDA:6,(anonymous_2)
FNDA:6,(anonymous_3)
DA:1,1
DA:2,5
DA:5,1
DA:6,5
DA:7,5
DA:8,5
DA:10,5
DA:11,6
DA:14,6
LF:9
LH:9
BRDA:10,0,0,3
BRDA:10,0,1,2
BRF:2
BRH:2
end_of_record
TN:
SF:src/debounce.ts
FN:2,(anonymous_0)
FN:9,_
FN:10,(anonymous_2)
FNF:3
FNH:3
FNDA:6,(anonymous_0)
FNDA:12,_
FNDA:6,(anonymous_2)
DA:2,1
DA:9,6
DA:10,12
DA:11,6
DA:12,6
DA:14,12
DA:15,12
DA:16,12
DA:17,12
LF:9
LH:9
BRDA:4,0,0,0
BRDA:5,1,0,3
BRDA:12,2,0,3
BRDA:12,2,1,3
BRDA:14,3,0,12
BRDA:14,3,1,6
BRDA:17,4,0,4
BRDA:17,4,1,8
BRF:8
BRH:7
end_of_record
TN:
SF:src/easing.ts
FN:1,(anonymous_0)
FN:2,(anonymous_1)
FNF:2
FNH:2
FNDA:7,(anonymous_0)
FNDA:12,(anonymous_1)
DA:1,7
DA:2,12
LF:2
LH:2
BRF:0
BRH:0
end_of_record
TN:
SF:src/range.ts
FN:1,(anonymous_0)
FN:1,(anonymous_1)
FNF:2
FNH:2
FNDA:4,(anonymous_0)
FNDA:16,(anonymous_1)
DA:1,16
LF:1
LH:1
BRF:0
BRH:0
end_of_record
TN:
SF:src/types.ts
FN:1,(anonymous_0)
FNF:1
FNH:1
FNDA:6,(anonymous_0)
DA:1,1
DA:2,6
LF:2
LH:2
BRF:0
BRH:0
end_of_record
